\BOOKMARK [1][-]{section.1}{\376\377\000V\000o\000c\000a\000b\000u\000l\000a\000i\000r\000e\000s}{}% 1
\BOOKMARK [1][-]{section.2}{\376\377\000L\000e\000s\000\040\000f\000r\000a\000c\000t\000i\000o\000n\000s}{}% 2
\BOOKMARK [1][-]{section.3}{\376\377\000L\000e\000s\000\040\000p\000u\000i\000s\000s\000a\000n\000c\000e\000s}{}% 3
\BOOKMARK [1][-]{section.4}{\376\377\000L\000e\000s\000\040\000i\000d\000e\000n\000t\000i\000t\000\351\000s\000\040\000r\000e\000m\000a\000r\000q\000u\000a\000b\000l\000e\000s}{}% 4
\BOOKMARK [2][-]{subsection.4.1}{\376\377\000P\000u\000i\000s\000s\000a\000n\000c\000e\000\040\0002}{section.4}% 5
\BOOKMARK [2][-]{subsection.4.2}{\376\377\000P\000u\000i\000s\000s\000a\000n\000c\000e\000\040\0003}{section.4}% 6
\BOOKMARK [1][-]{section.5}{\376\377\000L\000e\000s\000\040\000r\000a\000c\000i\000n\000e\000s}{}% 7
\BOOKMARK [1][-]{section.6}{\376\377\000E\000x\000p\000o\000n\000e\000n\000t\000i\000e\000l\000l\000e\000s\000\040\000e\000t\000\040\000l\000o\000g\000a\000r\000i\000t\000h\000m\000e}{}% 8
\BOOKMARK [1][-]{section.7}{\376\377\000T\000r\000i\000g\000o\000n\000o\000m\000\351\000t\000r\000i\000e}{}% 9
\BOOKMARK [2][-]{subsection.7.1}{\376\377\000P\000r\000o\000p\000r\000i\000\351\000t\000\351\000s}{section.7}% 10
\BOOKMARK [2][-]{subsection.7.2}{\376\377\000F\000o\000n\000c\000t\000i\000o\000n\000s}{section.7}% 11
\BOOKMARK [3][-]{subsubsection.7.2.1}{\376\377\000O\000r\000i\000g\000i\000n\000a\000l\000e\000s}{subsection.7.2}% 12
\BOOKMARK [3][-]{subsubsection.7.2.2}{\376\377\000R\000\351\000c\000i\000p\000r\000o\000q\000u\000e\000s}{subsection.7.2}% 13
\BOOKMARK [3][-]{subsubsection.7.2.3}{\376\377\000H\000y\000p\000e\000r\000b\000o\000l\000i\000q\000u\000e\000s}{subsection.7.2}% 14
\BOOKMARK [3][-]{subsubsection.7.2.4}{\376\377\000H\000y\000p\000e\000r\000b\000o\000l\000i\000q\000u\000e\000s\000\040\000r\000\351\000c\000i\000p\000r\000o\000q\000u\000e\000s}{subsection.7.2}% 15
\BOOKMARK [3][-]{subsubsection.7.2.5}{\376\377\000C\000o\000m\000p\000l\000\351\000m\000e\000n\000t\000a\000i\000r\000e\000s\000\040\000\050\000s\000e\000c\000o\000n\000d\000a\000i\000r\000e\000s\000\051}{subsection.7.2}% 16
\BOOKMARK [3][-]{subsubsection.7.2.6}{\376\377\000C\000o\000m\000p\000l\000\351\000m\000e\000n\000t\000a\000i\000r\000e\000s\000\040\000h\000y\000p\000e\000r\000b\000o\000l\000i\000q\000u\000e\000s}{subsection.7.2}% 17
\BOOKMARK [2][-]{subsection.7.3}{\376\377\000F\000o\000n\000d\000a\000m\000e\000n\000t\000a\000l\000e\000s}{section.7}% 18
\BOOKMARK [3][-]{subsubsection.7.3.1}{\376\377\000I\000d\000e\000n\000t\000i\000t\000\351\000s\000\040\000t\000r\000i\000g\000o\000n\000o\000m\000\351\000t\000r\000i\000q\000u\000e\000s\000\040\000f\000o\000n\000d\000a\000m\000e\000n\000t\000a\000l\000e\000s}{subsection.7.3}% 19
\BOOKMARK [3][-]{subsubsection.7.3.2}{\376\377\000F\000o\000r\000m\000u\000l\000e\000s\000\040\000d\000e\000\040\000s\000o\000m\000m\000e\000\040\000e\000t\000\040\000d\000i\000f\000f\000\351\000r\000e\000n\000c\000e}{subsection.7.3}% 20
\BOOKMARK [3][-]{subsubsection.7.3.3}{\376\377\000A\000n\000g\000l\000e\000s\000\040\000a\000s\000s\000o\000c\000i\000\351\000s}{subsection.7.3}% 21
\BOOKMARK [3][-]{subsubsection.7.3.4}{\376\377\000A\000r\000g\000u\000m\000e\000n\000t\000s\000\040\000d\000o\000u\000b\000l\000e\000s}{subsection.7.3}% 22
\BOOKMARK [3][-]{subsubsection.7.3.5}{\376\377\000A\000r\000g\000u\000m\000e\000n\000t\000s\000\040\000t\000r\000i\000p\000l\000e\000s}{subsection.7.3}% 23
\BOOKMARK [3][-]{subsubsection.7.3.6}{\376\377\000F\000o\000r\000m\000u\000l\000e\000s\000\040\000d\000e\000\040\000C\000a\000r\000n\000o\000t}{subsection.7.3}% 24
\BOOKMARK [3][-]{subsubsection.7.3.7}{\376\377\000F\000o\000r\000m\000u\000l\000e\000s\000\040\000d\000e\000\040\000S\000i\000m\000p\000s\000o\000n}{subsection.7.3}% 25
\BOOKMARK [3][-]{subsubsection.7.3.8}{\376\377\000D\000\351\000v\000e\000l\000o\000p\000p\000e\000m\000e\000n\000t\000s\000\040\000t\000a\000n\000g\000e\000n\000t\000i\000e\000l\000s}{subsection.7.3}% 26
\BOOKMARK [1][-]{section.8}{\376\377\000L\000e\000s\000\040\000d\000\351\000r\000i\000v\000\351\000s}{}% 27
\BOOKMARK [2][-]{subsection.8.1}{\376\377\000R\000a\000p\000p\000e\000l\000\040\000d\000u\000\040\000p\000r\000i\000n\000c\000i\000p\000e\000\040\000d\000e\000s\000\040\000d\000\351\000r\000i\000v\000\351\000s}{section.8}% 28
\BOOKMARK [2][-]{subsection.8.2}{\376\377\000D\000\351\000r\000i\000v\000\351\000s\000\040\000d\000e\000s\000\040\000f\000o\000n\000c\000t\000i\000o\000n\000s\000\040\000u\000s\000u\000e\000l\000l\000e\000s}{section.8}% 29
\BOOKMARK [1][-]{section.9}{\376\377\000L\000e\000s\000\040\000p\000r\000i\000m\000i\000t\000i\000v\000e\000s\000\040\000u\000s\000u\000e\000l\000l\000e\000s}{}% 30
\BOOKMARK [1][-]{section.10}{\376\377\000I\000n\000t\000\351\000g\000r\000a\000l\000e\000s}{}% 31
\BOOKMARK [2][-]{subsection.10.1}{\376\377\000P\000r\000o\000p\000r\000i\000\351\000t\000\351\000s\000\040\000d\000e\000\040\000l\000'\000i\000n\000t\000\351\000g\000r\000a\000l\000e}{section.10}% 32
\BOOKMARK [2][-]{subsection.10.2}{\376\377\000I\000n\000t\000\351\000g\000r\000a\000t\000i\000o\000n\000\040\000p\000a\000r\000\040\000p\000a\000r\000t\000i\000e\000s}{section.10}% 33
\BOOKMARK [1][-]{section.11}{\376\377\000L\000e\000\040\000c\000h\000a\000n\000g\000e\000m\000e\000n\000t\000\040\000d\000e\000\040\000v\000a\000r\000i\000a\000b\000l\000e}{}% 34
\BOOKMARK [1][-]{section.12}{\376\377\000L\000i\000m\000i\000t\000e\000s\000\040\000u\000s\000u\000e\000l\000l\000e\000s}{}% 35
\BOOKMARK [2][-]{subsection.12.1}{\376\377\000L\000o\000g\000a\000r\000i\000t\000h\000m\000e\000s\000\040\000e\000t\000\040\000e\000x\000p\000o\000n\000e\000n\000t\000i\000e\000l\000l\000e\000s}{section.12}% 36
\BOOKMARK [2][-]{subsection.12.2}{\376\377\000P\000u\000i\000s\000s\000a\000n\000c\000e\000s\000\040\000e\000t\000\040\000r\000a\000c\000i\000n\000e\000s}{section.12}% 37
\BOOKMARK [2][-]{subsection.12.3}{\376\377\000C\000o\000m\000p\000a\000r\000a\000i\000s\000o\000n\000s\000\040\000i\000m\000p\000o\000r\000t\000a\000n\000t\000e\000s}{section.12}% 38
\BOOKMARK [2][-]{subsection.12.4}{\376\377\000L\000i\000m\000i\000t\000e\000s\000\040\000d\000u\000\040\000t\000y\000p\000e}{section.12}% 39
\BOOKMARK [2][-]{subsection.12.5}{\376\377\000F\000o\000r\000m\000e\000\040\000i\000n\000d\000\351\000t\000e\000r\000m\000i\000n\000\351\000e\000\040\000\050\000F\000I\000\051}{section.12}% 40
\BOOKMARK [2][-]{subsection.12.6}{\376\377\000C\000r\000o\000i\000s\000s\000a\000n\000c\000e\000s\000\040\000c\000o\000m\000p\000a\000r\000\351\000e\000s}{section.12}% 41
\BOOKMARK [2][-]{subsection.12.7}{\376\377\000O\000p\000\351\000r\000a\000t\000i\000o\000n\000s\000\040\000s\000u\000r\000\040\000l\000e\000s\000\040\000l\000i\000m\000i\000t\000e\000s}{section.12}% 42
\BOOKMARK [3][-]{subsubsection.12.7.1}{\376\377\000S\000o\000m\000m\000e}{subsection.12.7}% 43
\BOOKMARK [3][-]{subsubsection.12.7.2}{\376\377\000P\000r\000o\000d\000u\000i\000t}{subsection.12.7}% 44
\BOOKMARK [3][-]{subsubsection.12.7.3}{\376\377\000Q\000u\000o\000t\000i\000e\000n\000t}{subsection.12.7}% 45
\BOOKMARK [1][-]{section.13}{\376\377\000P\000o\000l\000y\000n\000\364\000m\000e\000s}{}% 46
\BOOKMARK [2][-]{subsection.13.1}{\376\377\000P\000o\000l\000y\000n\000\364\000m\000e\000s\000\040\000d\000u\000\040\0001\000e\000r\000\040\000e\000t\000\040\0002\000\350\000m\000e\000\040\000d\000e\000g\000r\000\351}{section.13}% 47
